✅ Backup de postgres no container postgres-postgres-1 (user=postgres) salvo em /mnt/storage/backups/postgres-postgres-1_postgres_202509270200.sql.gz
✅ Backup de evolution no container postgres-postgres-1 (user=postgres) salvo em /mnt/storage/backups/postgres-postgres-1_evolution_202509270200.sql.gz
✅ Backup de chatwoot_production no container postgres-postgres-1 (user=postgres) salvo em /mnt/storage/backups/postgres-postgres-1_chatwoot_production_202509270200.sql.gz
✅ Backup de n8n_queue no container postgres-postgres-1 (user=postgres) salvo em /mnt/storage/backups/postgres-postgres-1_n8n_queue_202509270200.sql.gz
✅ Backup de typebot no container postgres-postgres-1 (user=postgres) salvo em /mnt/storage/backups/postgres-postgres-1_typebot_202509270200.sql.gz
✅ Backup de atendechat no container postgres-postgres-1 (user=postgres) salvo em /mnt/storage/backups/postgres-postgres-1_atendechat_202509270200.sql.gz
✅ Backup de brbackups no container BrBackups_postgres (user=brbackups_user) salvo em /mnt/storage/backups/BrBackups_postgres_brbackups_202509270200.sql.gz
✅ Backup de cuidadodigital no container cuidadodigital_postgres (user=cuidadodigital) salvo em /mnt/storage/backups/cuidadodigital_postgres_cuidadodigital_202509270200.sql.gz
✅ Backup de postgres no container postgres-postgres-1 (user=postgres) salvo em /mnt/storage/backups/postgres-postgres-1_postgres_202509280200.sql.gz
✅ Backup de evolution no container postgres-postgres-1 (user=postgres) salvo em /mnt/storage/backups/postgres-postgres-1_evolution_202509280200.sql.gz
✅ Backup de chatwoot_production no container postgres-postgres-1 (user=postgres) salvo em /mnt/storage/backups/postgres-postgres-1_chatwoot_production_202509280200.sql.gz
✅ Backup de n8n_queue no container postgres-postgres-1 (user=postgres) salvo em /mnt/storage/backups/postgres-postgres-1_n8n_queue_202509280200.sql.gz
✅ Backup de typebot no container postgres-postgres-1 (user=postgres) salvo em /mnt/storage/backups/postgres-postgres-1_typebot_202509280200.sql.gz
✅ Backup de atendechat no container postgres-postgres-1 (user=postgres) salvo em /mnt/storage/backups/postgres-postgres-1_atendechat_202509280200.sql.gz
✅ Backup de brbackups no container BrBackups_postgres (user=brbackups_user) salvo em /mnt/storage/backups/BrBackups_postgres_brbackups_202509280200.sql.gz
✅ Backup de cuidadodigital no container cuidadodigital_postgres (user=cuidadodigital) salvo em /mnt/storage/backups/cuidadodigital_postgres_cuidadodigital_202509280200.sql.gz
✅ Backup de postgres no container postgres-postgres-1 (user=postgres) salvo em /mnt/storage/backups/postgres-postgres-1_postgres_202509290200.sql.gz
✅ Backup de evolution no container postgres-postgres-1 (user=postgres) salvo em /mnt/storage/backups/postgres-postgres-1_evolution_202509290200.sql.gz
✅ Backup de chatwoot_production no container postgres-postgres-1 (user=postgres) salvo em /mnt/storage/backups/postgres-postgres-1_chatwoot_production_202509290200.sql.gz
✅ Backup de n8n_queue no container postgres-postgres-1 (user=postgres) salvo em /mnt/storage/backups/postgres-postgres-1_n8n_queue_202509290200.sql.gz
✅ Backup de typebot no container postgres-postgres-1 (user=postgres) salvo em /mnt/storage/backups/postgres-postgres-1_typebot_202509290200.sql.gz
✅ Backup de atendechat no container postgres-postgres-1 (user=postgres) salvo em /mnt/storage/backups/postgres-postgres-1_atendechat_202509290200.sql.gz
✅ Backup de brbackups no container BrBackups_postgres (user=brbackups_user) salvo em /mnt/storage/backups/BrBackups_postgres_brbackups_202509290200.sql.gz
✅ Backup de cuidadodigital no container cuidadodigital_postgres (user=cuidadodigital) salvo em /mnt/storage/backups/cuidadodigital_postgres_cuidadodigital_202509290200.sql.gz
✅ Backup de postgres no container postgres-postgres-1 (user=postgres) salvo em /mnt/storage/backups/postgres-postgres-1_postgres_202509300200.sql.gz
✅ Backup de evolution no container postgres-postgres-1 (user=postgres) salvo em /mnt/storage/backups/postgres-postgres-1_evolution_202509300200.sql.gz
✅ Backup de chatwoot_production no container postgres-postgres-1 (user=postgres) salvo em /mnt/storage/backups/postgres-postgres-1_chatwoot_production_202509300200.sql.gz
✅ Backup de n8n_queue no container postgres-postgres-1 (user=postgres) salvo em /mnt/storage/backups/postgres-postgres-1_n8n_queue_202509300200.sql.gz
✅ Backup de typebot no container postgres-postgres-1 (user=postgres) salvo em /mnt/storage/backups/postgres-postgres-1_typebot_202509300200.sql.gz
✅ Backup de atendechat no container postgres-postgres-1 (user=postgres) salvo em /mnt/storage/backups/postgres-postgres-1_atendechat_202509300200.sql.gz
✅ Backup de brbackups no container BrBackups_postgres (user=brbackups_user) salvo em /mnt/storage/backups/BrBackups_postgres_brbackups_202509300200.sql.gz
✅ Backup de cuidadodigital no container cuidadodigital_postgres (user=cuidadodigital) salvo em /mnt/storage/backups/cuidadodigital_postgres_cuidadodigital_202509300200.sql.gz
✅ Backup de brbackups no container BrBackups_postgres (user=brbackups_user) salvo em /mnt/storage/backups/BrBackups_postgres_brbackups_202510010200.sql.gz
✅ Backup de postgres no container postgres-postgres-1 (user=postgres) salvo em /mnt/storage/backups/postgres-postgres-1_postgres_202510010200.sql.gz
✅ Backup de evolution no container postgres-postgres-1 (user=postgres) salvo em /mnt/storage/backups/postgres-postgres-1_evolution_202510010200.sql.gz
✅ Backup de chatwoot_production no container postgres-postgres-1 (user=postgres) salvo em /mnt/storage/backups/postgres-postgres-1_chatwoot_production_202510010200.sql.gz
✅ Backup de n8n_queue no container postgres-postgres-1 (user=postgres) salvo em /mnt/storage/backups/postgres-postgres-1_n8n_queue_202510010200.sql.gz
✅ Backup de typebot no container postgres-postgres-1 (user=postgres) salvo em /mnt/storage/backups/postgres-postgres-1_typebot_202510010200.sql.gz
✅ Backup de atendechat no container postgres-postgres-1 (user=postgres) salvo em /mnt/storage/backups/postgres-postgres-1_atendechat_202510010200.sql.gz
✅ Backup de cuidadodigital no container cuidadodigital_postgres (user=cuidadodigital) salvo em /mnt/storage/backups/cuidadodigital_postgres_cuidadodigital_202510010200.sql.gz
✅ Backup de brbackups no container BrBackups_postgres (user=brbackups_user) salvo em /mnt/storage/backups/BrBackups_postgres_brbackups_202510020200.sql.gz
✅ Backup de postgres no container postgres-postgres-1 (user=postgres) salvo em /mnt/storage/backups/postgres-postgres-1_postgres_202510020200.sql.gz
✅ Backup de evolution no container postgres-postgres-1 (user=postgres) salvo em /mnt/storage/backups/postgres-postgres-1_evolution_202510020200.sql.gz
✅ Backup de chatwoot_production no container postgres-postgres-1 (user=postgres) salvo em /mnt/storage/backups/postgres-postgres-1_chatwoot_production_202510020200.sql.gz
✅ Backup de n8n_queue no container postgres-postgres-1 (user=postgres) salvo em /mnt/storage/backups/postgres-postgres-1_n8n_queue_202510020200.sql.gz
✅ Backup de typebot no container postgres-postgres-1 (user=postgres) salvo em /mnt/storage/backups/postgres-postgres-1_typebot_202510020200.sql.gz
✅ Backup de atendechat no container postgres-postgres-1 (user=postgres) salvo em /mnt/storage/backups/postgres-postgres-1_atendechat_202510020200.sql.gz
✅ Backup de cuidadodigital no container cuidadodigital_postgres (user=cuidadodigital) salvo em /mnt/storage/backups/cuidadodigital_postgres_cuidadodigital_202510020200.sql.gz
✅ Backup de brbackups no container BrBackups_postgres (user=brbackups_user) salvo em /mnt/storage/backups/BrBackups_postgres_brbackups_202510030200.sql.gz
✅ Backup de postgres no container postgres-postgres-1 (user=postgres) salvo em /mnt/storage/backups/postgres-postgres-1_postgres_202510030200.sql.gz
✅ Backup de evolution no container postgres-postgres-1 (user=postgres) salvo em /mnt/storage/backups/postgres-postgres-1_evolution_202510030200.sql.gz
✅ Backup de chatwoot_production no container postgres-postgres-1 (user=postgres) salvo em /mnt/storage/backups/postgres-postgres-1_chatwoot_production_202510030200.sql.gz
✅ Backup de n8n_queue no container postgres-postgres-1 (user=postgres) salvo em /mnt/storage/backups/postgres-postgres-1_n8n_queue_202510030200.sql.gz
✅ Backup de typebot no container postgres-postgres-1 (user=postgres) salvo em /mnt/storage/backups/postgres-postgres-1_typebot_202510030200.sql.gz
✅ Backup de atendechat no container postgres-postgres-1 (user=postgres) salvo em /mnt/storage/backups/postgres-postgres-1_atendechat_202510030200.sql.gz
✅ Backup de cuidadodigital no container cuidadodigital_postgres (user=cuidadodigital) salvo em /mnt/storage/backups/cuidadodigital_postgres_cuidadodigital_202510030200.sql.gz
✅ Backup de brbackups no container BrBackups_postgres (user=brbackups_user) salvo em /mnt/storage/backups/BrBackups_postgres_brbackups_202510040200.sql.gz
✅ Backup de postgres no container postgres-postgres-1 (user=postgres) salvo em /mnt/storage/backups/postgres-postgres-1_postgres_202510040200.sql.gz
✅ Backup de evolution no container postgres-postgres-1 (user=postgres) salvo em /mnt/storage/backups/postgres-postgres-1_evolution_202510040200.sql.gz
✅ Backup de chatwoot_production no container postgres-postgres-1 (user=postgres) salvo em /mnt/storage/backups/postgres-postgres-1_chatwoot_production_202510040200.sql.gz
✅ Backup de n8n_queue no container postgres-postgres-1 (user=postgres) salvo em /mnt/storage/backups/postgres-postgres-1_n8n_queue_202510040200.sql.gz
✅ Backup de typebot no container postgres-postgres-1 (user=postgres) salvo em /mnt/storage/backups/postgres-postgres-1_typebot_202510040200.sql.gz
✅ Backup de atendechat no container postgres-postgres-1 (user=postgres) salvo em /mnt/storage/backups/postgres-postgres-1_atendechat_202510040200.sql.gz
✅ Backup de cuidadodigital no container cuidadodigital_postgres (user=cuidadodigital) salvo em /mnt/storage/backups/cuidadodigital_postgres_cuidadodigital_202510040200.sql.gz
✅ Backup de brbackups no container BrBackups_postgres (user=brbackups_user) salvo em /mnt/storage/backups/BrBackups_postgres_brbackups_202510050200.sql.gz
✅ Backup de postgres no container postgres-postgres-1 (user=postgres) salvo em /mnt/storage/backups/postgres-postgres-1_postgres_202510050200.sql.gz
✅ Backup de evolution no container postgres-postgres-1 (user=postgres) salvo em /mnt/storage/backups/postgres-postgres-1_evolution_202510050200.sql.gz
✅ Backup de chatwoot_production no container postgres-postgres-1 (user=postgres) salvo em /mnt/storage/backups/postgres-postgres-1_chatwoot_production_202510050200.sql.gz
✅ Backup de n8n_queue no container postgres-postgres-1 (user=postgres) salvo em /mnt/storage/backups/postgres-postgres-1_n8n_queue_202510050200.sql.gz
✅ Backup de typebot no container postgres-postgres-1 (user=postgres) salvo em /mnt/storage/backups/postgres-postgres-1_typebot_202510050200.sql.gz
✅ Backup de atendechat no container postgres-postgres-1 (user=postgres) salvo em /mnt/storage/backups/postgres-postgres-1_atendechat_202510050200.sql.gz
✅ Backup de cuidadodigital no container cuidadodigital_postgres (user=cuidadodigital) salvo em /mnt/storage/backups/cuidadodigital_postgres_cuidadodigital_202510050200.sql.gz
✅ Backup de brbackups no container BrBackups_postgres (user=brbackups_user) salvo em /mnt/storage/backups/BrBackups_postgres_brbackups_202510060200.sql.gz
✅ Backup de postgres no container postgres-postgres-1 (user=postgres) salvo em /mnt/storage/backups/postgres-postgres-1_postgres_202510060200.sql.gz
✅ Backup de evolution no container postgres-postgres-1 (user=postgres) salvo em /mnt/storage/backups/postgres-postgres-1_evolution_202510060200.sql.gz
✅ Backup de chatwoot_production no container postgres-postgres-1 (user=postgres) salvo em /mnt/storage/backups/postgres-postgres-1_chatwoot_production_202510060200.sql.gz
✅ Backup de n8n_queue no container postgres-postgres-1 (user=postgres) salvo em /mnt/storage/backups/postgres-postgres-1_n8n_queue_202510060200.sql.gz
✅ Backup de typebot no container postgres-postgres-1 (user=postgres) salvo em /mnt/storage/backups/postgres-postgres-1_typebot_202510060200.sql.gz
✅ Backup de atendechat no container postgres-postgres-1 (user=postgres) salvo em /mnt/storage/backups/postgres-postgres-1_atendechat_202510060200.sql.gz
✅ Backup de cuidadodigital no container cuidadodigital_postgres (user=cuidadodigital) salvo em /mnt/storage/backups/cuidadodigital_postgres_cuidadodigital_202510060200.sql.gz
✅ Backup de brbackups no container BrBackups_postgres (user=brbackups_user) salvo em /mnt/storage/backups/BrBackups_postgres_brbackups_202510070200.sql.gz
✅ Backup de postgres no container postgres-postgres-1 (user=postgres) salvo em /mnt/storage/backups/postgres-postgres-1_postgres_202510070200.sql.gz
✅ Backup de evolution no container postgres-postgres-1 (user=postgres) salvo em /mnt/storage/backups/postgres-postgres-1_evolution_202510070200.sql.gz
✅ Backup de chatwoot_production no container postgres-postgres-1 (user=postgres) salvo em /mnt/storage/backups/postgres-postgres-1_chatwoot_production_202510070200.sql.gz
✅ Backup de n8n_queue no container postgres-postgres-1 (user=postgres) salvo em /mnt/storage/backups/postgres-postgres-1_n8n_queue_202510070200.sql.gz
✅ Backup de typebot no container postgres-postgres-1 (user=postgres) salvo em /mnt/storage/backups/postgres-postgres-1_typebot_202510070200.sql.gz
✅ Backup de atendechat no container postgres-postgres-1 (user=postgres) salvo em /mnt/storage/backups/postgres-postgres-1_atendechat_202510070200.sql.gz
✅ Backup de cuidadodigital no container cuidadodigital_postgres (user=cuidadodigital) salvo em /mnt/storage/backups/cuidadodigital_postgres_cuidadodigital_202510070200.sql.gz
✅ Backup de brbackups no container BrBackups_postgres (user=brbackups_user) salvo em /mnt/storage/backups/BrBackups_postgres_brbackups_202510080200.sql.gz
✅ Backup de postgres no container postgres-postgres-1 (user=postgres) salvo em /mnt/storage/backups/postgres-postgres-1_postgres_202510080200.sql.gz
✅ Backup de evolution no container postgres-postgres-1 (user=postgres) salvo em /mnt/storage/backups/postgres-postgres-1_evolution_202510080200.sql.gz
✅ Backup de chatwoot_production no container postgres-postgres-1 (user=postgres) salvo em /mnt/storage/backups/postgres-postgres-1_chatwoot_production_202510080200.sql.gz
✅ Backup de n8n_queue no container postgres-postgres-1 (user=postgres) salvo em /mnt/storage/backups/postgres-postgres-1_n8n_queue_202510080200.sql.gz
✅ Backup de typebot no container postgres-postgres-1 (user=postgres) salvo em /mnt/storage/backups/postgres-postgres-1_typebot_202510080200.sql.gz
✅ Backup de atendechat no container postgres-postgres-1 (user=postgres) salvo em /mnt/storage/backups/postgres-postgres-1_atendechat_202510080200.sql.gz
✅ Backup de cuidadodigital no container cuidadodigital_postgres (user=cuidadodigital) salvo em /mnt/storage/backups/cuidadodigital_postgres_cuidadodigital_202510080200.sql.gz
✅ Backup de brbackups no container BrBackups_postgres (user=brbackups_user) salvo em /mnt/storage/backups/BrBackups_postgres_brbackups_202510090200.sql.gz
✅ Backup de postgres no container postgres-postgres-1 (user=postgres) salvo em /mnt/storage/backups/postgres-postgres-1_postgres_202510090200.sql.gz
✅ Backup de evolution no container postgres-postgres-1 (user=postgres) salvo em /mnt/storage/backups/postgres-postgres-1_evolution_202510090200.sql.gz
✅ Backup de chatwoot_production no container postgres-postgres-1 (user=postgres) salvo em /mnt/storage/backups/postgres-postgres-1_chatwoot_production_202510090200.sql.gz
✅ Backup de n8n_queue no container postgres-postgres-1 (user=postgres) salvo em /mnt/storage/backups/postgres-postgres-1_n8n_queue_202510090200.sql.gz
✅ Backup de typebot no container postgres-postgres-1 (user=postgres) salvo em /mnt/storage/backups/postgres-postgres-1_typebot_202510090200.sql.gz
✅ Backup de atendechat no container postgres-postgres-1 (user=postgres) salvo em /mnt/storage/backups/postgres-postgres-1_atendechat_202510090200.sql.gz
✅ Backup de cuidadodigital no container cuidadodigital_postgres (user=cuidadodigital) salvo em /mnt/storage/backups/cuidadodigital_postgres_cuidadodigital_202510090200.sql.gz
✅ Backup de brbackups no container BrBackups_postgres (user=brbackups_user) salvo em /mnt/storage/backups/BrBackups_postgres_brbackups_202510100200.sql.gz
✅ Backup de postgres no container postgres-postgres-1 (user=postgres) salvo em /mnt/storage/backups/postgres-postgres-1_postgres_202510100200.sql.gz
✅ Backup de evolution no container postgres-postgres-1 (user=postgres) salvo em /mnt/storage/backups/postgres-postgres-1_evolution_202510100200.sql.gz
✅ Backup de chatwoot_production no container postgres-postgres-1 (user=postgres) salvo em /mnt/storage/backups/postgres-postgres-1_chatwoot_production_202510100200.sql.gz
✅ Backup de n8n_queue no container postgres-postgres-1 (user=postgres) salvo em /mnt/storage/backups/postgres-postgres-1_n8n_queue_202510100200.sql.gz
✅ Backup de typebot no container postgres-postgres-1 (user=postgres) salvo em /mnt/storage/backups/postgres-postgres-1_typebot_202510100200.sql.gz
✅ Backup de atendechat no container postgres-postgres-1 (user=postgres) salvo em /mnt/storage/backups/postgres-postgres-1_atendechat_202510100200.sql.gz
✅ Backup de cuidadodigital no container cuidadodigital_postgres (user=cuidadodigital) salvo em /mnt/storage/backups/cuidadodigital_postgres_cuidadodigital_202510100200.sql.gz
✅ Backup de brbackups no container BrBackups_postgres (user=brbackups_user) salvo em /mnt/storage/backups/BrBackups_postgres_brbackups_202510110200.sql.gz
✅ Backup de postgres no container postgres-postgres-1 (user=postgres) salvo em /mnt/storage/backups/postgres-postgres-1_postgres_202510110201.sql.gz
✅ Backup de evolution no container postgres-postgres-1 (user=postgres) salvo em /mnt/storage/backups/postgres-postgres-1_evolution_202510110201.sql.gz
✅ Backup de chatwoot_production no container postgres-postgres-1 (user=postgres) salvo em /mnt/storage/backups/postgres-postgres-1_chatwoot_production_202510110201.sql.gz
✅ Backup de n8n_queue no container postgres-postgres-1 (user=postgres) salvo em /mnt/storage/backups/postgres-postgres-1_n8n_queue_202510110203.sql.gz
✅ Backup de typebot no container postgres-postgres-1 (user=postgres) salvo em /mnt/storage/backups/postgres-postgres-1_typebot_202510110203.sql.gz
✅ Backup de atendechat no container postgres-postgres-1 (user=postgres) salvo em /mnt/storage/backups/postgres-postgres-1_atendechat_202510110204.sql.gz
✅ Backup de cuidadodigital no container cuidadodigital_postgres (user=cuidadodigital) salvo em /mnt/storage/backups/cuidadodigital_postgres_cuidadodigital_202510110204.sql.gz
✅ Backup de brbackups no container BrBackups_postgres (user=brbackups_user) salvo em /mnt/storage/backups/BrBackups_postgres_brbackups_202510120200.sql.gz
✅ Backup de postgres no container postgres-postgres-1 (user=postgres) salvo em /mnt/storage/backups/postgres-postgres-1_postgres_202510120200.sql.gz
✅ Backup de evolution no container postgres-postgres-1 (user=postgres) salvo em /mnt/storage/backups/postgres-postgres-1_evolution_202510120200.sql.gz
✅ Backup de chatwoot_production no container postgres-postgres-1 (user=postgres) salvo em /mnt/storage/backups/postgres-postgres-1_chatwoot_production_202510120200.sql.gz
✅ Backup de n8n_queue no container postgres-postgres-1 (user=postgres) salvo em /mnt/storage/backups/postgres-postgres-1_n8n_queue_202510120200.sql.gz
✅ Backup de typebot no container postgres-postgres-1 (user=postgres) salvo em /mnt/storage/backups/postgres-postgres-1_typebot_202510120200.sql.gz
✅ Backup de atendechat no container postgres-postgres-1 (user=postgres) salvo em /mnt/storage/backups/postgres-postgres-1_atendechat_202510120200.sql.gz
✅ Backup de cuidadodigital no container cuidadodigital_postgres (user=cuidadodigital) salvo em /mnt/storage/backups/cuidadodigital_postgres_cuidadodigital_202510120200.sql.gz
✅ Backup de brbackups no container BrBackups_postgres (user=brbackups_user) salvo em /mnt/storage/backups/BrBackups_postgres_brbackups_202510130200.sql.gz
✅ Backup de postgres no container postgres-postgres-1 (user=postgres) salvo em /mnt/storage/backups/postgres-postgres-1_postgres_202510130200.sql.gz
✅ Backup de evolution no container postgres-postgres-1 (user=postgres) salvo em /mnt/storage/backups/postgres-postgres-1_evolution_202510130200.sql.gz
✅ Backup de chatwoot_production no container postgres-postgres-1 (user=postgres) salvo em /mnt/storage/backups/postgres-postgres-1_chatwoot_production_202510130200.sql.gz
✅ Backup de n8n_queue no container postgres-postgres-1 (user=postgres) salvo em /mnt/storage/backups/postgres-postgres-1_n8n_queue_202510130200.sql.gz
✅ Backup de typebot no container postgres-postgres-1 (user=postgres) salvo em /mnt/storage/backups/postgres-postgres-1_typebot_202510130200.sql.gz
✅ Backup de atendechat no container postgres-postgres-1 (user=postgres) salvo em /mnt/storage/backups/postgres-postgres-1_atendechat_202510130200.sql.gz
✅ Backup de cuidadodigital no container cuidadodigital_postgres (user=cuidadodigital) salvo em /mnt/storage/backups/cuidadodigital_postgres_cuidadodigital_202510130200.sql.gz
✅ Backup de brbackups no container BrBackups_postgres (user=brbackups_user) salvo em /mnt/storage/backups/BrBackups_postgres_brbackups_202510140200.sql.gz
✅ Backup de postgres no container postgres-postgres-1 (user=postgres) salvo em /mnt/storage/backups/postgres-postgres-1_postgres_202510140200.sql.gz
✅ Backup de evolution no container postgres-postgres-1 (user=postgres) salvo em /mnt/storage/backups/postgres-postgres-1_evolution_202510140200.sql.gz
✅ Backup de chatwoot_production no container postgres-postgres-1 (user=postgres) salvo em /mnt/storage/backups/postgres-postgres-1_chatwoot_production_202510140200.sql.gz
✅ Backup de n8n_queue no container postgres-postgres-1 (user=postgres) salvo em /mnt/storage/backups/postgres-postgres-1_n8n_queue_202510140200.sql.gz
✅ Backup de typebot no container postgres-postgres-1 (user=postgres) salvo em /mnt/storage/backups/postgres-postgres-1_typebot_202510140200.sql.gz
✅ Backup de atendechat no container postgres-postgres-1 (user=postgres) salvo em /mnt/storage/backups/postgres-postgres-1_atendechat_202510140200.sql.gz
✅ Backup de cuidadodigital no container cuidadodigital_postgres (user=cuidadodigital) salvo em /mnt/storage/backups/cuidadodigital_postgres_cuidadodigital_202510140200.sql.gz
✅ Backup de brbackups no container BrBackups_postgres (user=brbackups_user) salvo em /mnt/storage/backups/BrBackups_postgres_brbackups_202510150200.sql.gz
✅ Backup de postgres no container postgres-postgres-1 (user=postgres) salvo em /mnt/storage/backups/postgres-postgres-1_postgres_202510150200.sql.gz
✅ Backup de evolution no container postgres-postgres-1 (user=postgres) salvo em /mnt/storage/backups/postgres-postgres-1_evolution_202510150200.sql.gz
✅ Backup de chatwoot_production no container postgres-postgres-1 (user=postgres) salvo em /mnt/storage/backups/postgres-postgres-1_chatwoot_production_202510150200.sql.gz
✅ Backup de n8n_queue no container postgres-postgres-1 (user=postgres) salvo em /mnt/storage/backups/postgres-postgres-1_n8n_queue_202510150200.sql.gz
✅ Backup de typebot no container postgres-postgres-1 (user=postgres) salvo em /mnt/storage/backups/postgres-postgres-1_typebot_202510150200.sql.gz
✅ Backup de atendechat no container postgres-postgres-1 (user=postgres) salvo em /mnt/storage/backups/postgres-postgres-1_atendechat_202510150200.sql.gz
✅ Backup de cuidadodigital no container cuidadodigital_postgres (user=cuidadodigital) salvo em /mnt/storage/backups/cuidadodigital_postgres_cuidadodigital_202510150200.sql.gz
✅ Backup de brbackups no container BrBackups_postgres (user=brbackups_user) salvo em /mnt/storage/backups/BrBackups_postgres_brbackups_202510160200.sql.gz
✅ Backup de postgres no container postgres-postgres-1 (user=postgres) salvo em /mnt/storage/backups/postgres-postgres-1_postgres_202510160200.sql.gz
✅ Backup de evolution no container postgres-postgres-1 (user=postgres) salvo em /mnt/storage/backups/postgres-postgres-1_evolution_202510160200.sql.gz
✅ Backup de chatwoot_production no container postgres-postgres-1 (user=postgres) salvo em /mnt/storage/backups/postgres-postgres-1_chatwoot_production_202510160200.sql.gz
✅ Backup de n8n_queue no container postgres-postgres-1 (user=postgres) salvo em /mnt/storage/backups/postgres-postgres-1_n8n_queue_202510160200.sql.gz
✅ Backup de typebot no container postgres-postgres-1 (user=postgres) salvo em /mnt/storage/backups/postgres-postgres-1_typebot_202510160200.sql.gz
✅ Backup de atendechat no container postgres-postgres-1 (user=postgres) salvo em /mnt/storage/backups/postgres-postgres-1_atendechat_202510160200.sql.gz
✅ Backup de cuidadodigital no container cuidadodigital_postgres (user=cuidadodigital) salvo em /mnt/storage/backups/cuidadodigital_postgres_cuidadodigital_202510160200.sql.gz
✅ Backup de brbackups no container BrBackups_postgres (user=brbackups_user) salvo em /mnt/storage/backups/BrBackups_postgres_brbackups_202510170200.sql.gz
✅ Backup de postgres no container postgres-postgres-1 (user=postgres) salvo em /mnt/storage/backups/postgres-postgres-1_postgres_202510170200.sql.gz
✅ Backup de evolution no container postgres-postgres-1 (user=postgres) salvo em /mnt/storage/backups/postgres-postgres-1_evolution_202510170200.sql.gz
✅ Backup de chatwoot_production no container postgres-postgres-1 (user=postgres) salvo em /mnt/storage/backups/postgres-postgres-1_chatwoot_production_202510170200.sql.gz
✅ Backup de n8n_queue no container postgres-postgres-1 (user=postgres) salvo em /mnt/storage/backups/postgres-postgres-1_n8n_queue_202510170200.sql.gz
✅ Backup de typebot no container postgres-postgres-1 (user=postgres) salvo em /mnt/storage/backups/postgres-postgres-1_typebot_202510170200.sql.gz
✅ Backup de atendechat no container postgres-postgres-1 (user=postgres) salvo em /mnt/storage/backups/postgres-postgres-1_atendechat_202510170200.sql.gz
✅ Backup de cuidadodigital no container cuidadodigital_postgres (user=cuidadodigital) salvo em /mnt/storage/backups/cuidadodigital_postgres_cuidadodigital_202510170200.sql.gz
✅ Backup de brbackups no container BrBackups_postgres (user=brbackups_user) salvo em /mnt/storage/backups/BrBackups_postgres_brbackups_202510180200.sql.gz
✅ Backup de postgres no container postgres-postgres-1 (user=postgres) salvo em /mnt/storage/backups/postgres-postgres-1_postgres_202510180200.sql.gz
✅ Backup de evolution no container postgres-postgres-1 (user=postgres) salvo em /mnt/storage/backups/postgres-postgres-1_evolution_202510180200.sql.gz
✅ Backup de chatwoot_production no container postgres-postgres-1 (user=postgres) salvo em /mnt/storage/backups/postgres-postgres-1_chatwoot_production_202510180200.sql.gz
✅ Backup de n8n_queue no container postgres-postgres-1 (user=postgres) salvo em /mnt/storage/backups/postgres-postgres-1_n8n_queue_202510180200.sql.gz
✅ Backup de typebot no container postgres-postgres-1 (user=postgres) salvo em /mnt/storage/backups/postgres-postgres-1_typebot_202510180200.sql.gz
✅ Backup de atendechat no container postgres-postgres-1 (user=postgres) salvo em /mnt/storage/backups/postgres-postgres-1_atendechat_202510180200.sql.gz
✅ Backup de cuidadodigital no container cuidadodigital_postgres (user=cuidadodigital) salvo em /mnt/storage/backups/cuidadodigital_postgres_cuidadodigital_202510180200.sql.gz
✅ Backup de brbackups no container BrBackups_postgres (user=brbackups_user) salvo em /mnt/storage/backups/BrBackups_postgres_brbackups_202510190200.sql.gz
✅ Backup de postgres no container postgres-postgres-1 (user=postgres) salvo em /mnt/storage/backups/postgres-postgres-1_postgres_202510190200.sql.gz
✅ Backup de evolution no container postgres-postgres-1 (user=postgres) salvo em /mnt/storage/backups/postgres-postgres-1_evolution_202510190200.sql.gz
✅ Backup de chatwoot_production no container postgres-postgres-1 (user=postgres) salvo em /mnt/storage/backups/postgres-postgres-1_chatwoot_production_202510190200.sql.gz
✅ Backup de n8n_queue no container postgres-postgres-1 (user=postgres) salvo em /mnt/storage/backups/postgres-postgres-1_n8n_queue_202510190200.sql.gz
✅ Backup de typebot no container postgres-postgres-1 (user=postgres) salvo em /mnt/storage/backups/postgres-postgres-1_typebot_202510190200.sql.gz
✅ Backup de atendechat no container postgres-postgres-1 (user=postgres) salvo em /mnt/storage/backups/postgres-postgres-1_atendechat_202510190200.sql.gz
✅ Backup de cuidadodigital no container cuidadodigital_postgres (user=cuidadodigital) salvo em /mnt/storage/backups/cuidadodigital_postgres_cuidadodigital_202510190200.sql.gz
✅ Backup de brbackups no container BrBackups_postgres (user=brbackups_user) salvo em /mnt/storage/backups/BrBackups_postgres_brbackups_202510200200.sql.gz
✅ Backup de postgres no container postgres-postgres-1 (user=postgres) salvo em /mnt/storage/backups/postgres-postgres-1_postgres_202510200200.sql.gz
✅ Backup de evolution no container postgres-postgres-1 (user=postgres) salvo em /mnt/storage/backups/postgres-postgres-1_evolution_202510200200.sql.gz
✅ Backup de chatwoot_production no container postgres-postgres-1 (user=postgres) salvo em /mnt/storage/backups/postgres-postgres-1_chatwoot_production_202510200200.sql.gz
✅ Backup de n8n_queue no container postgres-postgres-1 (user=postgres) salvo em /mnt/storage/backups/postgres-postgres-1_n8n_queue_202510200200.sql.gz
✅ Backup de typebot no container postgres-postgres-1 (user=postgres) salvo em /mnt/storage/backups/postgres-postgres-1_typebot_202510200200.sql.gz
✅ Backup de atendechat no container postgres-postgres-1 (user=postgres) salvo em /mnt/storage/backups/postgres-postgres-1_atendechat_202510200200.sql.gz
✅ Backup de cuidadodigital no container cuidadodigital_postgres (user=cuidadodigital) salvo em /mnt/storage/backups/cuidadodigital_postgres_cuidadodigital_202510200200.sql.gz
✅ Backup de brbackups no container BrBackups_postgres (user=brbackups_user) salvo em /mnt/storage/backups/BrBackups_postgres_brbackups_202510210200.sql.gz
✅ Backup de postgres no container postgres-postgres-1 (user=postgres) salvo em /mnt/storage/backups/postgres-postgres-1_postgres_202510210200.sql.gz
✅ Backup de evolution no container postgres-postgres-1 (user=postgres) salvo em /mnt/storage/backups/postgres-postgres-1_evolution_202510210200.sql.gz
✅ Backup de chatwoot_production no container postgres-postgres-1 (user=postgres) salvo em /mnt/storage/backups/postgres-postgres-1_chatwoot_production_202510210200.sql.gz
✅ Backup de n8n_queue no container postgres-postgres-1 (user=postgres) salvo em /mnt/storage/backups/postgres-postgres-1_n8n_queue_202510210200.sql.gz
✅ Backup de typebot no container postgres-postgres-1 (user=postgres) salvo em /mnt/storage/backups/postgres-postgres-1_typebot_202510210200.sql.gz
✅ Backup de atendechat no container postgres-postgres-1 (user=postgres) salvo em /mnt/storage/backups/postgres-postgres-1_atendechat_202510210200.sql.gz
✅ Backup de cuidadodigital no container cuidadodigital_postgres (user=cuidadodigital) salvo em /mnt/storage/backups/cuidadodigital_postgres_cuidadodigital_202510210200.sql.gz
✅ Backup de brbackups no container BrBackups_postgres (user=brbackups_user) salvo em /mnt/storage/backups/BrBackups_postgres_brbackups_202510220200.sql.gz
✅ Backup de postgres no container postgres-postgres-1 (user=postgres) salvo em /mnt/storage/backups/postgres-postgres-1_postgres_202510220200.sql.gz
✅ Backup de evolution no container postgres-postgres-1 (user=postgres) salvo em /mnt/storage/backups/postgres-postgres-1_evolution_202510220200.sql.gz
✅ Backup de chatwoot_production no container postgres-postgres-1 (user=postgres) salvo em /mnt/storage/backups/postgres-postgres-1_chatwoot_production_202510220200.sql.gz
✅ Backup de n8n_queue no container postgres-postgres-1 (user=postgres) salvo em /mnt/storage/backups/postgres-postgres-1_n8n_queue_202510220200.sql.gz
✅ Backup de typebot no container postgres-postgres-1 (user=postgres) salvo em /mnt/storage/backups/postgres-postgres-1_typebot_202510220200.sql.gz
✅ Backup de atendechat no container postgres-postgres-1 (user=postgres) salvo em /mnt/storage/backups/postgres-postgres-1_atendechat_202510220200.sql.gz
✅ Backup de cuidadodigital no container cuidadodigital_postgres (user=cuidadodigital) salvo em /mnt/storage/backups/cuidadodigital_postgres_cuidadodigital_202510220200.sql.gz
✅ Backup de brbackups no container BrBackups_postgres (user=brbackups_user) salvo em /mnt/storage/backups/BrBackups_postgres_brbackups_202510230200.sql.gz
✅ Backup de postgres no container postgres-postgres-1 (user=postgres) salvo em /mnt/storage/backups/postgres-postgres-1_postgres_202510230200.sql.gz
✅ Backup de evolution no container postgres-postgres-1 (user=postgres) salvo em /mnt/storage/backups/postgres-postgres-1_evolution_202510230200.sql.gz
✅ Backup de chatwoot_production no container postgres-postgres-1 (user=postgres) salvo em /mnt/storage/backups/postgres-postgres-1_chatwoot_production_202510230200.sql.gz
✅ Backup de n8n_queue no container postgres-postgres-1 (user=postgres) salvo em /mnt/storage/backups/postgres-postgres-1_n8n_queue_202510230200.sql.gz
✅ Backup de typebot no container postgres-postgres-1 (user=postgres) salvo em /mnt/storage/backups/postgres-postgres-1_typebot_202510230200.sql.gz
✅ Backup de atendechat no container postgres-postgres-1 (user=postgres) salvo em /mnt/storage/backups/postgres-postgres-1_atendechat_202510230200.sql.gz
✅ Backup de cuidadodigital no container cuidadodigital_postgres (user=cuidadodigital) salvo em /mnt/storage/backups/cuidadodigital_postgres_cuidadodigital_202510230200.sql.gz
✅ Backup de megasena no container megasena_postgres (user=postgres) salvo em /mnt/storage/backups/megasena_postgres_megasena_202510240200.sql.gz
✅ Backup de brbackups no container BrBackups_postgres (user=brbackups_user) salvo em /mnt/storage/backups/BrBackups_postgres_brbackups_202510240200.sql.gz
✅ Backup de postgres no container postgres-postgres-1 (user=postgres) salvo em /mnt/storage/backups/postgres-postgres-1_postgres_202510240200.sql.gz
✅ Backup de evolution no container postgres-postgres-1 (user=postgres) salvo em /mnt/storage/backups/postgres-postgres-1_evolution_202510240200.sql.gz
✅ Backup de chatwoot_production no container postgres-postgres-1 (user=postgres) salvo em /mnt/storage/backups/postgres-postgres-1_chatwoot_production_202510240200.sql.gz
✅ Backup de n8n_queue no container postgres-postgres-1 (user=postgres) salvo em /mnt/storage/backups/postgres-postgres-1_n8n_queue_202510240200.sql.gz
✅ Backup de typebot no container postgres-postgres-1 (user=postgres) salvo em /mnt/storage/backups/postgres-postgres-1_typebot_202510240200.sql.gz
✅ Backup de atendechat no container postgres-postgres-1 (user=postgres) salvo em /mnt/storage/backups/postgres-postgres-1_atendechat_202510240200.sql.gz
✅ Backup de cuidadodigital no container cuidadodigital_postgres (user=cuidadodigital) salvo em /mnt/storage/backups/cuidadodigital_postgres_cuidadodigital_202510240200.sql.gz
✅ Backup de megasena no container megasena_postgres (user=postgres) salvo em /mnt/storage/backups/megasena_postgres_megasena_202510250200.sql.gz
✅ Backup de brbackups no container BrBackups_postgres (user=brbackups_user) salvo em /mnt/storage/backups/BrBackups_postgres_brbackups_202510250200.sql.gz
✅ Backup de postgres no container postgres-postgres-1 (user=postgres) salvo em /mnt/storage/backups/postgres-postgres-1_postgres_202510250200.sql.gz
✅ Backup de evolution no container postgres-postgres-1 (user=postgres) salvo em /mnt/storage/backups/postgres-postgres-1_evolution_202510250200.sql.gz
✅ Backup de chatwoot_production no container postgres-postgres-1 (user=postgres) salvo em /mnt/storage/backups/postgres-postgres-1_chatwoot_production_202510250200.sql.gz
✅ Backup de n8n_queue no container postgres-postgres-1 (user=postgres) salvo em /mnt/storage/backups/postgres-postgres-1_n8n_queue_202510250200.sql.gz
✅ Backup de typebot no container postgres-postgres-1 (user=postgres) salvo em /mnt/storage/backups/postgres-postgres-1_typebot_202510250200.sql.gz
✅ Backup de atendechat no container postgres-postgres-1 (user=postgres) salvo em /mnt/storage/backups/postgres-postgres-1_atendechat_202510250200.sql.gz
✅ Backup de cuidadodigital no container cuidadodigital_postgres (user=cuidadodigital) salvo em /mnt/storage/backups/cuidadodigital_postgres_cuidadodigital_202510250200.sql.gz
✅ Backup de megasena no container megasena_postgres (user=postgres) salvo em /mnt/storage/backups/megasena_postgres_megasena_202510260200.sql.gz
✅ Backup de brbackups no container BrBackups_postgres (user=brbackups_user) salvo em /mnt/storage/backups/BrBackups_postgres_brbackups_202510260200.sql.gz
✅ Backup de postgres no container postgres-postgres-1 (user=postgres) salvo em /mnt/storage/backups/postgres-postgres-1_postgres_202510260200.sql.gz
✅ Backup de evolution no container postgres-postgres-1 (user=postgres) salvo em /mnt/storage/backups/postgres-postgres-1_evolution_202510260200.sql.gz
✅ Backup de chatwoot_production no container postgres-postgres-1 (user=postgres) salvo em /mnt/storage/backups/postgres-postgres-1_chatwoot_production_202510260200.sql.gz
✅ Backup de n8n_queue no container postgres-postgres-1 (user=postgres) salvo em /mnt/storage/backups/postgres-postgres-1_n8n_queue_202510260200.sql.gz
✅ Backup de typebot no container postgres-postgres-1 (user=postgres) salvo em /mnt/storage/backups/postgres-postgres-1_typebot_202510260200.sql.gz
✅ Backup de atendechat no container postgres-postgres-1 (user=postgres) salvo em /mnt/storage/backups/postgres-postgres-1_atendechat_202510260200.sql.gz
✅ Backup de cuidadodigital no container cuidadodigital_postgres (user=cuidadodigital) salvo em /mnt/storage/backups/cuidadodigital_postgres_cuidadodigital_202510260200.sql.gz
✅ Backup de megasena no container megasena_postgres (user=postgres) salvo em /mnt/storage/backups/megasena_postgres_megasena_202510270200.sql.gz
✅ Backup de brbackups no container BrBackups_postgres (user=brbackups_user) salvo em /mnt/storage/backups/BrBackups_postgres_brbackups_202510270200.sql.gz
✅ Backup de postgres no container postgres-postgres-1 (user=postgres) salvo em /mnt/storage/backups/postgres-postgres-1_postgres_202510270200.sql.gz
✅ Backup de evolution no container postgres-postgres-1 (user=postgres) salvo em /mnt/storage/backups/postgres-postgres-1_evolution_202510270200.sql.gz
✅ Backup de chatwoot_production no container postgres-postgres-1 (user=postgres) salvo em /mnt/storage/backups/postgres-postgres-1_chatwoot_production_202510270200.sql.gz
✅ Backup de n8n_queue no container postgres-postgres-1 (user=postgres) salvo em /mnt/storage/backups/postgres-postgres-1_n8n_queue_202510270200.sql.gz
✅ Backup de typebot no container postgres-postgres-1 (user=postgres) salvo em /mnt/storage/backups/postgres-postgres-1_typebot_202510270200.sql.gz
✅ Backup de atendechat no container postgres-postgres-1 (user=postgres) salvo em /mnt/storage/backups/postgres-postgres-1_atendechat_202510270200.sql.gz
✅ Backup de cuidadodigital no container cuidadodigital_postgres (user=cuidadodigital) salvo em /mnt/storage/backups/cuidadodigital_postgres_cuidadodigital_202510270200.sql.gz
